<?xml version="1.0" encoding="UTF-8"?>
<!-- Generated by org.testng.reporters.JUnitReportReporter -->
<testsuite hostname="Somanaths-MacBook-Air.local" failures="0" tests="3" name="StrAlign_TestCases.TC_LoginDDT" time="19.430" errors="0" timestamp="2023-10-26T17:28:17 IST" skipped="0">
  <testcase classname="StrAlign_TestCases.TC_LoginDDT" name="loginDDT" time="6.026"/>
  <testcase classname="StrAlign_TestCases.TC_LoginDDT" name="loginDDT" time="6.006"/>
  <testcase classname="StrAlign_TestCases.TC_LoginDDT" name="loginDDT" time="7.398"/>
</testsuite> <!-- StrAlign_TestCases.TC_LoginDDT -->
